Time resolution is 1 ps
Stopped at time : 1 us : File "C:/Users/Maria/Desktop/project_rsa_encrypt/project_rsa_encrypt.srcs/sources_1/new/montgomery_mult.vhd" Line 35
Stopped at time : 1 us : File "C:/Users/Maria/Desktop/project_rsa_encrypt/project_rsa_encrypt.srcs/sources_1/new/montgomery_mult.vhd" Line 42
Stopped at time : 1 us : File "C:/Users/Maria/Desktop/project_rsa_encrypt/project_rsa_encrypt.srcs/sources_1/new/binary_exp.vhd" Line 73
Stopped at time : 1 us : File "C:/Users/Maria/Desktop/project_rsa_encrypt/project_rsa_encrypt.srcs/sources_1/new/binary_exp.vhd" Line 78
Stopped at time : 1 us : File "C:/Users/Maria/Desktop/project_rsa_encrypt/project_rsa_encrypt.srcs/sources_1/new/montgomery_mult.vhd" Line 35
Stopped at time : 1 us : File "C:/Users/Maria/Desktop/project_rsa_encrypt/project_rsa_encrypt.srcs/sources_1/new/montgomery_mult.vhd" Line 42
Stopped at time : 1 us : File "C:/Users/Maria/Desktop/project_rsa_encrypt/project_rsa_encrypt.srcs/sources_1/new/binary_exp.vhd" Line 73
Stopped at time : 1 us : File "C:/Users/Maria/Desktop/project_rsa_encrypt/project_rsa_encrypt.srcs/sources_1/new/binary_exp.vhd" Line 78
Stopped at time : 1 us : File "C:/Users/Maria/Desktop/project_rsa_encrypt/project_rsa_encrypt.srcs/sources_1/new/uart_receiver.vhd" Line 38
Stopped at time : 1 us : File "C:/Users/Maria/Desktop/project_rsa_encrypt/project_rsa_encrypt.srcs/sources_1/new/uart_receiver.vhd" Line 44
Stopped at time : 1 us : File "C:/Users/Maria/Desktop/project_rsa_encrypt/project_rsa_encrypt.srcs/sources_1/new/uart_receiver.vhd" Line 97
Stopped at time : 1 us : File "C:/Users/Maria/Desktop/project_rsa_encrypt/project_rsa_encrypt.srcs/sources_1/new/uart_receiver.vhd" Line 99
Stopped at time : 1 us : File "C:/Users/Maria/Desktop/project_rsa_encrypt/project_rsa_encrypt.srcs/sources_1/new/uart_transmitter.vhd" Line 27
Stopped at time : 1 us : File "C:/Users/Maria/Desktop/project_rsa_encrypt/project_rsa_encrypt.srcs/sources_1/new/uart_transmitter.vhd" Line 30
Stopped at time : 1 us : File "C:/Users/Maria/Desktop/project_rsa_encrypt/project_rsa_encrypt.srcs/sources_1/new/rsa_uart_system.vhd" Line 138
Stopped at time : 1 us : File "C:/Users/Maria/Desktop/project_rsa_encrypt/project_rsa_encrypt.srcs/sources_1/new/rsa_uart_system.vhd" Line 143
Stopped at time : 1050 ns : File "C:/Users/Maria/Desktop/project_rsa_encrypt/project_rsa_encrypt.srcs/sources_1/new/montgomery_mult.vhd" Line 35
Stopped at time : 1050 ns : File "C:/Users/Maria/Desktop/project_rsa_encrypt/project_rsa_encrypt.srcs/sources_1/new/montgomery_mult.vhd" Line 42
Stopped at time : 1050 ns : File "C:/Users/Maria/Desktop/project_rsa_encrypt/project_rsa_encrypt.srcs/sources_1/new/montgomery_mult.vhd" Line 43
Stopped at time : 1050 ns : File "C:/Users/Maria/Desktop/project_rsa_encrypt/project_rsa_encrypt.srcs/sources_1/new/montgomery_mult.vhd" Line 45
Stopped at time : 1050 ns : File "C:/Users/Maria/Desktop/project_rsa_encrypt/project_rsa_encrypt.srcs/sources_1/new/binary_exp.vhd" Line 73
Stopped at time : 1050 ns : File "C:/Users/Maria/Desktop/project_rsa_encrypt/project_rsa_encrypt.srcs/sources_1/new/binary_exp.vhd" Line 78
Stopped at time : 1050 ns : File "C:/Users/Maria/Desktop/project_rsa_encrypt/project_rsa_encrypt.srcs/sources_1/new/binary_exp.vhd" Line 79
Stopped at time : 1050 ns : File "C:/Users/Maria/Desktop/project_rsa_encrypt/project_rsa_encrypt.srcs/sources_1/new/binary_exp.vhd" Line 81
Stopped at time : 1050 ns : File "C:/Users/Maria/Desktop/project_rsa_encrypt/project_rsa_encrypt.srcs/sources_1/new/binary_exp.vhd" Line 88
Stopped at time : 1050 ns : File "C:/Users/Maria/Desktop/project_rsa_encrypt/project_rsa_encrypt.srcs/sources_1/new/montgomery_mult.vhd" Line 35
Stopped at time : 1050 ns : File "C:/Users/Maria/Desktop/project_rsa_encrypt/project_rsa_encrypt.srcs/sources_1/new/montgomery_mult.vhd" Line 42
Stopped at time : 1050 ns : File "C:/Users/Maria/Desktop/project_rsa_encrypt/project_rsa_encrypt.srcs/sources_1/new/montgomery_mult.vhd" Line 43
Stopped at time : 1050 ns : File "C:/Users/Maria/Desktop/project_rsa_encrypt/project_rsa_encrypt.srcs/sources_1/new/montgomery_mult.vhd" Line 45
Stopped at time : 1050 ns : File "C:/Users/Maria/Desktop/project_rsa_encrypt/project_rsa_encrypt.srcs/sources_1/new/binary_exp.vhd" Line 73
Stopped at time : 1050 ns : File "C:/Users/Maria/Desktop/project_rsa_encrypt/project_rsa_encrypt.srcs/sources_1/new/binary_exp.vhd" Line 78
Stopped at time : 1050 ns : File "C:/Users/Maria/Desktop/project_rsa_encrypt/project_rsa_encrypt.srcs/sources_1/new/binary_exp.vhd" Line 79
Stopped at time : 1050 ns : File "C:/Users/Maria/Desktop/project_rsa_encrypt/project_rsa_encrypt.srcs/sources_1/new/binary_exp.vhd" Line 81
Stopped at time : 1050 ns : File "C:/Users/Maria/Desktop/project_rsa_encrypt/project_rsa_encrypt.srcs/sources_1/new/binary_exp.vhd" Line 88
Stopped at time : 1050 ns : File "C:/Users/Maria/Desktop/project_rsa_encrypt/project_rsa_encrypt.srcs/sources_1/new/uart_receiver.vhd" Line 38
Stopped at time : 1050 ns : File "C:/Users/Maria/Desktop/project_rsa_encrypt/project_rsa_encrypt.srcs/sources_1/new/uart_receiver.vhd" Line 44
Stopped at time : 1050 ns : File "C:/Users/Maria/Desktop/project_rsa_encrypt/project_rsa_encrypt.srcs/sources_1/new/uart_receiver.vhd" Line 45
Stopped at time : 1050 ns : File "C:/Users/Maria/Desktop/project_rsa_encrypt/project_rsa_encrypt.srcs/sources_1/new/uart_receiver.vhd" Line 46
Stopped at time : 1050 ns : File "C:/Users/Maria/Desktop/project_rsa_encrypt/project_rsa_encrypt.srcs/sources_1/new/uart_receiver.vhd" Line 48
Stopped at time : 1050 ns : File "C:/Users/Maria/Desktop/project_rsa_encrypt/project_rsa_encrypt.srcs/sources_1/new/uart_receiver.vhd" Line 97
Stopped at time : 1050 ns : File "C:/Users/Maria/Desktop/project_rsa_encrypt/project_rsa_encrypt.srcs/sources_1/new/uart_receiver.vhd" Line 99
Stopped at time : 1050 ns : File "C:/Users/Maria/Desktop/project_rsa_encrypt/project_rsa_encrypt.srcs/sources_1/new/uart_receiver.vhd" Line 100
Stopped at time : 1050 ns : File "C:/Users/Maria/Desktop/project_rsa_encrypt/project_rsa_encrypt.srcs/sources_1/new/uart_transmitter.vhd" Line 27
Stopped at time : 1050 ns : File "C:/Users/Maria/Desktop/project_rsa_encrypt/project_rsa_encrypt.srcs/sources_1/new/uart_transmitter.vhd" Line 30
Stopped at time : 1050 ns : File "C:/Users/Maria/Desktop/project_rsa_encrypt/project_rsa_encrypt.srcs/sources_1/new/uart_transmitter.vhd" Line 31
Stopped at time : 1050 ns : File "C:/Users/Maria/Desktop/project_rsa_encrypt/project_rsa_encrypt.srcs/sources_1/new/uart_transmitter.vhd" Line 32
Stopped at time : 1050 ns : File "C:/Users/Maria/Desktop/project_rsa_encrypt/project_rsa_encrypt.srcs/sources_1/new/uart_transmitter.vhd" Line 34
Stopped at time : 1050 ns : File "C:/Users/Maria/Desktop/project_rsa_encrypt/project_rsa_encrypt.srcs/sources_1/new/rsa_uart_system.vhd" Line 138
Stopped at time : 1050 ns : File "C:/Users/Maria/Desktop/project_rsa_encrypt/project_rsa_encrypt.srcs/sources_1/new/rsa_uart_system.vhd" Line 143
Stopped at time : 1050 ns : File "C:/Users/Maria/Desktop/project_rsa_encrypt/project_rsa_encrypt.srcs/sources_1/new/rsa_uart_system.vhd" Line 144
Stopped at time : 1050 ns : File "C:/Users/Maria/Desktop/project_rsa_encrypt/project_rsa_encrypt.srcs/sources_1/new/rsa_uart_system.vhd" Line 151
Stopped at time : 1050 ns : File "C:/Users/Maria/Desktop/project_rsa_encrypt/project_rsa_encrypt.srcs/sources_1/new/rsa_uart_system.vhd" Line 155
Stopped at time : 1050 ns : File "C:/Users/Maria/Desktop/project_rsa_encrypt/project_rsa_encrypt.srcs/sources_1/new/rsa_uart_system.vhd" Line 161
Stopped at time : 1100 ns : File "C:/Users/Maria/Desktop/project_rsa_encrypt/project_rsa_encrypt.srcs/sources_1/new/montgomery_mult.vhd" Line 35
Stopped at time : 1100 ns : File "C:/Users/Maria/Desktop/project_rsa_encrypt/project_rsa_encrypt.srcs/sources_1/new/montgomery_mult.vhd" Line 42
Stopped at time : 1100 ns : File "C:/Users/Maria/Desktop/project_rsa_encrypt/project_rsa_encrypt.srcs/sources_1/new/binary_exp.vhd" Line 73
Stopped at time : 1100 ns : File "C:/Users/Maria/Desktop/project_rsa_encrypt/project_rsa_encrypt.srcs/sources_1/new/binary_exp.vhd" Line 78
