#
# There is insufficient memory for the Java Runtime Environment to continue.
# Native memory allocation (mmap) failed to map 264241152 bytes for G1 virtual space
# Possible reasons:
#   The system is out of physical RAM or swap space
#   The process is running with CompressedOops enabled, and the Java Heap may be blocking the growth of the native heap
# Possible solutions:
#   Reduce memory load on the system
#   Increase physical memory or swap space
#   Check if swap backing store is full
#   Decrease Java heap size (-Xmx/-Xms)
#   Decrease number of Java threads
#   Decrease Java thread stack sizes (-Xss)
#   Set larger code cache with -XX:ReservedCodeCacheSize=
#   JVM is running with Zero Based Compressed Oops mode in which the Java heap is
#     placed in the first 32GB address space. The Java Heap base address is the
#     maximum limit for the native heap growth. Please use -XX:HeapBaseMinAddress
#     to set the Java Heap base and to place the Java Heap above 32GB virtual address.
# This output file may be truncated or incomplete.
#
#  Out of Memory Error (os_windows.cpp:3613), pid=33812, tid=31284
#
# JRE version:  (17.0.9+8) (build )
# Java VM: OpenJDK 64-Bit Server VM (17.0.9+8-LTS, mixed mode, sharing, tiered, compressed oops, compressed class ptrs, g1 gc, windows-amd64)
# No core dump will be written. Minidumps are not enabled by default on client versions of Windows
#

---------------  S U M M A R Y ------------

Command Line: -javaagent:C:\Program Files\JetBrains\IntelliJ IDEA 2023.3.2\lib\idea_rt.jar=49812:C:\Program Files\JetBrains\IntelliJ IDEA 2023.3.2\bin -Dfile.encoding=UTF-8 presentation.Controller

Host: 12th Gen Intel(R) Core(TM) i5-12500H, 16 cores, 15G,  Windows 11 , 64 bit Build 22621 (10.0.22621.3374)
Time: Tue May 14 15:20:50 2024 GTB Daylight Time elapsed time: 0.018244 seconds (0d 0h 0m 0s)

---------------  T H R E A D  ---------------

Current thread (0x0000020d7a82bc70):  JavaThread "Unknown thread" [_thread_in_vm, id=31284, stack(0x000000e929600000,0x000000e929700000)]

Stack: [0x000000e929600000,0x000000e929700000]
Native frames: (J=compiled Java code, j=interpreted, Vv=VM code, C=native code)
V  [jvm.dll+0x67cb49]
V  [jvm.dll+0x8344da]
V  [jvm.dll+0x835f9e]
V  [jvm.dll+0x836603]
V  [jvm.dll+0x247b5f]
V  [jvm.dll+0x679969]
V  [jvm.dll+0x66e2ba]
V  [jvm.dll+0x307a5b]
V  [jvm.dll+0x30ef06]
V  [jvm.dll+0x35ecee]
V  [jvm.dll+0x35ef1f]
V  [jvm.dll+0x2de658]
V  [jvm.dll+0x2df5c4]
V  [jvm.dll+0x805d51]
V  [jvm.dll+0x36cb51]
V  [jvm.dll+0x7e47dc]
V  [jvm.dll+0x3f03cf]
V  [jvm.dll+0x3f2001]
C  [jli.dll+0x528f]
C  [ucrtbase.dll+0x29333]
C  [KERNEL32.DLL+0x1257d]
C  [ntdll.dll+0x5aa48]


---------------  P R O C E S S  ---------------

Threads class SMR info:
_java_thread_list=0x00007fff176fee98, length=0, elements={
}

Java Threads: ( => current thread )

Other Threads:
  0x0000020d7a8977c0 GCTaskThread "GC Thread#0" [stack: 0x000000e929700000,0x000000e929800000] [id=10352]
  0x0000020d7a8a8120 ConcurrentGCThread "G1 Main Marker" [stack: 0x000000e929800000,0x000000e929900000] [id=35480]
  0x0000020d7a8a92e0 ConcurrentGCThread "G1 Conc#0" [stack: 0x000000e929900000,0x000000e929a00000] [id=18180]

[error occurred during error reporting (printing all threads), id 0xc0000005, EXCEPTION_ACCESS_VIOLATION (0xc0000005) at pc=0x00007fff16ebf097]

VM state: not at safepoint (not fully initialized)

VM Mutex/Monitor currently owned by a thread:  ([mutex/lock_event])
[0x0000020d7a826bd0] Heap_lock - owner thread: 0x0000020d7a82bc70

Heap address: 0x0000000705e00000, size: 4002 MB, Compressed Oops mode: Zero based, Oop shift amount: 3

CDS archive(s) mapped at: [0x0000000000000000-0x0000000000000000-0x0000000000000000), size 0, SharedBaseAddress: 0x0000000800000000, ArchiveRelocationMode: 1.
Narrow klass base: 0x0000000000000000, Narrow klass shift: 0, Narrow klass range: 0x0

GC Precious Log:
<Empty>

Heap:
 garbage-first heap   total 0K, used 0K [0x0000000705e00000, 0x0000000800000000)
  region size 2048K, 0 young (0K), 0 survivors (0K)

[error occurred during error reporting (printing heap information), id 0xc0000005, EXCEPTION_ACCESS_VIOLATION (0xc0000005) at pc=0x00007fff172a68f9]

GC Heap History (0 events):
No events

Dll operation events (1 events):
Event: 0.008 Loaded shared library C:\Users\Maria\.jdks\corretto-17.0.9\bin\java.dll

Deoptimization events (0 events):
No events

Classes unloaded (0 events):
No events

Classes redefined (0 events):
No events

Internal exceptions (0 events):
No events

VM Operations (0 events):
No events

Events (0 events):
No events


Dynamic libraries:
0x00007ff6a6cb0000 - 0x00007ff6a6cbe000 	C:\Users\Maria\.jdks\corretto-17.0.9\bin\java.exe
0x00007fff67030000 - 0x00007fff67246000 	C:\WINDOWS\SYSTEM32\ntdll.dll
0x00007fff65e20000 - 0x00007fff65ee4000 	C:\WINDOWS\System32\KERNEL32.DLL
0x00007fff64410000 - 0x00007fff647b7000 	C:\WINDOWS\System32\KERNELBASE.dll
0x00007fff647c0000 - 0x00007fff648d1000 	C:\WINDOWS\System32\ucrtbase.dll
0x00007fff5f4b0000 - 0x00007fff5f4c7000 	C:\Users\Maria\.jdks\corretto-17.0.9\bin\jli.dll
0x00007fff5f720000 - 0x00007fff5f73b000 	C:\Users\Maria\.jdks\corretto-17.0.9\bin\VCRUNTIME140.dll
0x00007fff65f30000 - 0x00007fff660de000 	C:\WINDOWS\System32\USER32.dll
0x00007fff64960000 - 0x00007fff64986000 	C:\WINDOWS\System32\win32u.dll
0x00007fff48540000 - 0x00007fff487d3000 	C:\WINDOWS\WinSxS\amd64_microsoft.windows.common-controls_6595b64144ccf1df_6.0.22621.3235_none_270f74e173860f98\COMCTL32.dll
0x00007fff66ab0000 - 0x00007fff66ad9000 	C:\WINDOWS\System32\GDI32.dll
0x00007fff66a00000 - 0x00007fff66aa7000 	C:\WINDOWS\System32\msvcrt.dll
0x00007fff64ba0000 - 0x00007fff64cb9000 	C:\WINDOWS\System32\gdi32full.dll
0x00007fff64cc0000 - 0x00007fff64d5a000 	C:\WINDOWS\System32\msvcp_win.dll
0x00007fff65ef0000 - 0x00007fff65f21000 	C:\WINDOWS\System32\IMM32.DLL
0x00007fff5f690000 - 0x00007fff5f69c000 	C:\Users\Maria\.jdks\corretto-17.0.9\bin\vcruntime140_1.dll
0x00007fff53480000 - 0x00007fff5350d000 	C:\Users\Maria\.jdks\corretto-17.0.9\bin\msvcp140.dll
0x00007fff16bd0000 - 0x00007fff17831000 	C:\Users\Maria\.jdks\corretto-17.0.9\bin\server\jvm.dll
0x00007fff660e0000 - 0x00007fff66192000 	C:\WINDOWS\System32\ADVAPI32.dll
0x00007fff64d60000 - 0x00007fff64e08000 	C:\WINDOWS\System32\sechost.dll
0x00007fff64990000 - 0x00007fff649b8000 	C:\WINDOWS\System32\bcrypt.dll
0x00007fff64e30000 - 0x00007fff64f45000 	C:\WINDOWS\System32\RPCRT4.dll
0x00007fff44290000 - 0x00007fff44299000 	C:\WINDOWS\SYSTEM32\WSOCK32.dll
0x00007fff631b0000 - 0x00007fff631fd000 	C:\WINDOWS\SYSTEM32\POWRPROF.dll
0x00007fff5c800000 - 0x00007fff5c834000 	C:\WINDOWS\SYSTEM32\WINMM.dll
0x00007fff65670000 - 0x00007fff656e1000 	C:\WINDOWS\System32\WS2_32.dll
0x00007fff5bab0000 - 0x00007fff5baba000 	C:\WINDOWS\SYSTEM32\VERSION.dll
0x00007fff63190000 - 0x00007fff631a3000 	C:\WINDOWS\SYSTEM32\UMPDC.dll
0x00007fff63440000 - 0x00007fff63458000 	C:\WINDOWS\SYSTEM32\kernel.appcore.dll
0x00007fff5f610000 - 0x00007fff5f61a000 	C:\Users\Maria\.jdks\corretto-17.0.9\bin\jimage.dll
0x00007fff61d40000 - 0x00007fff61f73000 	C:\WINDOWS\SYSTEM32\DBGHELP.DLL
0x00007fff65180000 - 0x00007fff65508000 	C:\WINDOWS\System32\combase.dll
0x00007fff66e00000 - 0x00007fff66ed7000 	C:\WINDOWS\System32\OLEAUT32.dll
0x00007fff51010000 - 0x00007fff51042000 	C:\WINDOWS\SYSTEM32\dbgcore.DLL
0x00007fff648e0000 - 0x00007fff64959000 	C:\WINDOWS\System32\bcryptPrimitives.dll
0x00007fff5f5f0000 - 0x00007fff5f5fe000 	C:\Users\Maria\.jdks\corretto-17.0.9\bin\instrument.dll
0x00007fff5c890000 - 0x00007fff5c8b5000 	C:\Users\Maria\.jdks\corretto-17.0.9\bin\java.dll

dbghelp: loaded successfully - version: 4.0.5 - missing functions: none
symbol engine: initialized successfully - sym options: 0x614 - pdb path: .;C:\Users\Maria\.jdks\corretto-17.0.9\bin;C:\WINDOWS\SYSTEM32;C:\WINDOWS\WinSxS\amd64_microsoft.windows.common-controls_6595b64144ccf1df_6.0.22621.3235_none_270f74e173860f98;C:\Users\Maria\.jdks\corretto-17.0.9\bin\server

VM Arguments:
jvm_args: -javaagent:C:\Program Files\JetBrains\IntelliJ IDEA 2023.3.2\lib\idea_rt.jar=49812:C:\Program Files\JetBrains\IntelliJ IDEA 2023.3.2\bin -Dfile.encoding=UTF-8 
java_command: presentation.Controller
java_class_path (initial): C:\Users\Maria\Desktop\project3\target\classes
Launcher Type: SUN_STANDARD

[Global flags]
     intx CICompilerCount                          = 12                                        {product} {ergonomic}
     uint ConcGCThreads                            = 3                                         {product} {ergonomic}
     uint G1ConcRefinementThreads                  = 13                                        {product} {ergonomic}
   size_t G1HeapRegionSize                         = 2097152                                   {product} {ergonomic}
    uintx GCDrainStackTargetSize                   = 64                                        {product} {ergonomic}
   size_t InitialHeapSize                          = 264241152                                 {product} {ergonomic}
   size_t MarkStackSize                            = 4194304                                   {product} {ergonomic}
   size_t MaxHeapSize                              = 4196401152                                {product} {ergonomic}
   size_t MinHeapDeltaBytes                        = 2097152                                   {product} {ergonomic}
   size_t MinHeapSize                              = 8388608                                   {product} {ergonomic}
    uintx NonNMethodCodeHeapSize                   = 7602480                                {pd product} {ergonomic}
    uintx NonProfiledCodeHeapSize                  = 122027880                              {pd product} {ergonomic}
    uintx ProfiledCodeHeapSize                     = 122027880                              {pd product} {ergonomic}
    uintx ReservedCodeCacheSize                    = 251658240                              {pd product} {ergonomic}
     bool SegmentedCodeCache                       = true                                      {product} {ergonomic}
   size_t SoftMaxHeapSize                          = 4196401152                             {manageable} {ergonomic}
     bool UseCompressedClassPointers               = true                           {product lp64_product} {ergonomic}
     bool UseCompressedOops                        = true                           {product lp64_product} {ergonomic}
     bool UseG1GC                                  = true                                      {product} {ergonomic}
     bool UseLargePagesIndividualAllocation        = false                                  {pd product} {ergonomic}

Logging:
Log output configuration:
 #0: stdout all=warning uptime,level,tags
 #1: stderr all=off uptime,level,tags

Environment Variables:
PATH=C:\Program Files\Common Files\Oracle\Java\javapath;C:\Program Files (x86)\VMware\VMware Player\bin\;C:\WINDOWS\system32;C:\WINDOWS;C:\WINDOWS\System32\Wbem;C:\WINDOWS\System32\WindowsPowerShell\v1.0\;C:\WINDOWS\System32\OpenSSH\;C:\Program Files\dotnet\;C:\Program Files (x86)\Windows Kits\10\Windows Performance Toolkit\;F:\Matlab\bin;F:\Git\Git\cmd;C:\Program Files\MySQL\MySQL Shell 8.0\bin\;C:\Users\Maria\AppData\Local\Microsoft\WindowsApps;C:\Users\Maria\.dotnet\tools;F:\MinGW\bin;F:\VS Code\Microsoft VS Code\bin
USERNAME=Maria
OS=Windows_NT
PROCESSOR_IDENTIFIER=Intel64 Family 6 Model 154 Stepping 3, GenuineIntel
TMP=C:\Users\Maria\AppData\Local\Temp
TEMP=C:\Users\Maria\AppData\Local\Temp



Periodic native trim disabled


---------------  S Y S T E M  ---------------

OS:
 Windows 11 , 64 bit Build 22621 (10.0.22621.3374)
OS uptime: 33 days 6:25 hours
Hyper-V role detected

CPU: total 16 (initial active 16) (8 cores per cpu, 2 threads per core) family 6 model 154 stepping 3 microcode 0x423, cx8, cmov, fxsr, ht, mmx, 3dnowpref, sse, sse2, sse3, ssse3, sse4.1, sse4.2, popcnt, lzcnt, tsc, tscinvbit, avx, avx2, aes, erms, clmul, bmi1, bmi2, adx, sha, fma, vzeroupper, clflush, clflushopt, clwb, hv
Processor Information for processor 0
  Max Mhz: 2500, Current Mhz: 2500, Mhz Limit: 2500
Processor Information for processor 1
  Max Mhz: 2500, Current Mhz: 1532, Mhz Limit: 2500
Processor Information for processor 2
  Max Mhz: 2500, Current Mhz: 2500, Mhz Limit: 2500
Processor Information for processor 3
  Max Mhz: 2500, Current Mhz: 2500, Mhz Limit: 2500
Processor Information for processor 4
  Max Mhz: 2500, Current Mhz: 2500, Mhz Limit: 2500
Processor Information for processor 5
  Max Mhz: 2500, Current Mhz: 2500, Mhz Limit: 2500
Processor Information for processor 6
  Max Mhz: 2500, Current Mhz: 1532, Mhz Limit: 2500
Processor Information for processor 7
  Max Mhz: 2500, Current Mhz: 2500, Mhz Limit: 2500
Processor Information for processor 8
  Max Mhz: 2500, Current Mhz: 1527, Mhz Limit: 2500
Processor Information for processor 9
  Max Mhz: 2500, Current Mhz: 2500, Mhz Limit: 2500
Processor Information for processor 10
  Max Mhz: 2500, Current Mhz: 1527, Mhz Limit: 2500
Processor Information for processor 11
  Max Mhz: 2500, Current Mhz: 1527, Mhz Limit: 2500
Processor Information for processor 12
  Max Mhz: 2500, Current Mhz: 2500, Mhz Limit: 2500
Processor Information for processor 13
  Max Mhz: 2500, Current Mhz: 1527, Mhz Limit: 2500
Processor Information for processor 14
  Max Mhz: 2500, Current Mhz: 1527, Mhz Limit: 2500
Processor Information for processor 15
  Max Mhz: 2500, Current Mhz: 1527, Mhz Limit: 2500

Memory: 4k page, system-wide physical 16004M (5421M free)
TotalPageFile size 61663M (AvailPageFile size 172M)
current process WorkingSet (physical memory assigned to process): 12M, peak: 12M
current process commit charge ("private bytes"): 71M, peak: 322M

vm_info: OpenJDK 64-Bit Server VM (17.0.9+8-LTS) for windows-amd64 JRE (17.0.9+8-LTS), built on Oct 12 2023 16:15:33 by "Administrator" with MS VC++ 16.10 / 16.11 (VS2019)

END.
